<?xml version="1.0" encoding="utf-8"?><testsuites name="pytest tests"><testsuite name="pytest" errors="0" failures="0" skipped="0" tests="29" time="15.447" timestamp="2026-08-30T14:59:57.292576+00:00" hostname="agent-env-76fe853c-8044-47c5-b73c-31cdb9d5334e"><testcase classname="tests.backend_test" name="test_root" time="0.320" /><testcase classname="tests.backend_test" name="test_iot_device_secret_loaded" time="0.000" /><testcase classname="tests.backend_test" name="test_signup_returns_jwt" time="0.405" /><testcase classname="tests.backend_test" name="test_signup_duplicate_email" time="0.118" /><testcase classname="tests.backend_test" name="test_signup_short_password" time="0.166" /><testcase classname="tests.backend_test" name="test_login_success" time="0.396" /><testcase classname="tests.backend_test" name="test_login_wrong_password" time="0.347" /><testcase classname="tests.backend_test" name="test_me_with_token" time="0.161" /><testcase classname="tests.backend_test" name="test_me_without_token" time="0.117" /><testcase classname="tests.backend_test" name="test_list_pets_after_create" time="0.253" /><testcase classname="tests.backend_test" name="test_pets_requires_auth" time="0.110" /><testcase classname="tests.backend_test" name="test_create_pet_with_imei_lowercased" time="0.097" /><testcase classname="tests.backend_test" name="test_pet_color_palette_auto_assigns_different_colors" time="0.849" /><testcase classname="tests.backend_test" name="test_update_geofence" time="0.124" /><testcase classname="tests.backend_test" name="test_pet_history_hours_param" time="3.485" /><testcase classname="tests.backend_test" name="test_ingest_missing_signature_rejected" time="0.165" /><testcase classname="tests.backend_test" name="test_ingest_invalid_signature_rejected" time="0.130" /><testcase classname="tests.backend_test" name="test_ingest_valid_signature_unmatched_imei" time="0.170" /><testcase classname="tests.backend_test" name="test_ingest_valid_signature_matched_pet" time="0.613" /><testcase classname="tests.backend_test" name="test_ingest_malformed_hex_with_valid_sig" time="0.103" /><testcase classname="tests.backend_test" name="test_breach_exit_then_enter_events" time="2.260" /><testcase classname="tests.backend_test" name="test_breach_unread_only_and_limit" time="0.106" /><testcase classname="tests.backend_test" name="test_breach_mark_single_read" time="0.495" /><testcase classname="tests.backend_test" name="test_breach_mark_all_read" time="0.223" /><testcase classname="tests.backend_test" name="test_breaches_requires_auth" time="0.117" /><testcase classname="tests.backend_test" name="test_checkout_valid_package" time="2.296" /><testcase classname="tests.backend_test" name="test_checkout_invalid_package" time="0.118" /><testcase classname="tests.backend_test" name="test_delete_pet" time="0.246" /><testcase classname="tests.backend_test" name="test_websocket_broadcast" time="0.952" /></testsuite></testsuites>