<?xml version="1.0" encoding="utf-8"?><testsuites name="pytest tests"><testsuite name="pytest" errors="0" failures="0" skipped="0" tests="41" time="20.301" timestamp="2026-08-30T15:56:45.189186+00:00" hostname="agent-env-76fe853c-8044-47c5-b73c-31cdb9d5334e"><testcase classname="tests.backend_test" name="test_root" time="0.257" /><testcase classname="tests.backend_test" name="test_iot_device_secret_loaded" time="0.000" /><testcase classname="tests.backend_test" name="test_signup_returns_jwt" time="0.351" /><testcase classname="tests.backend_test" name="test_signup_duplicate_email" time="0.137" /><testcase classname="tests.backend_test" name="test_signup_short_password" time="0.107" /><testcase classname="tests.backend_test" name="test_login_success" time="0.339" /><testcase classname="tests.backend_test" name="test_login_wrong_password" time="0.357" /><testcase classname="tests.backend_test" name="test_me_with_token" time="0.123" /><testcase classname="tests.backend_test" name="test_me_without_token" time="0.135" /><testcase classname="tests.backend_test" name="test_list_pets_after_create" time="0.254" /><testcase classname="tests.backend_test" name="test_pets_requires_auth" time="0.119" /><testcase classname="tests.backend_test" name="test_create_pet_with_imei_lowercased" time="0.126" /><testcase classname="tests.backend_test" name="test_pet_color_palette_auto_assigns_different_colors" time="0.748" /><testcase classname="tests.backend_test" name="test_update_geofence" time="0.127" /><testcase classname="tests.backend_test" name="test_pet_history_hours_param" time="3.484" /><testcase classname="tests.backend_test" name="test_ingest_missing_signature_rejected" time="0.133" /><testcase classname="tests.backend_test" name="test_ingest_invalid_signature_rejected" time="0.135" /><testcase classname="tests.backend_test" name="test_ingest_valid_signature_unmatched_imei" time="0.129" /><testcase classname="tests.backend_test" name="test_ingest_valid_signature_matched_pet" time="0.373" /><testcase classname="tests.backend_test" name="test_ingest_malformed_hex_with_valid_sig" time="0.103" /><testcase classname="tests.backend_test" name="test_breach_exit_then_enter_events" time="2.251" /><testcase classname="tests.backend_test" name="test_breach_unread_only_and_limit" time="0.107" /><testcase classname="tests.backend_test" name="test_breach_mark_single_read" time="0.456" /><testcase classname="tests.backend_test" name="test_breach_mark_all_read" time="0.254" /><testcase classname="tests.backend_test" name="test_breaches_requires_auth" time="0.119" /><testcase classname="tests.backend_test" name="test_checkout_valid_package" time="2.090" /><testcase classname="tests.backend_test" name="test_checkout_invalid_package" time="0.124" /><testcase classname="tests.backend_test" name="test_delete_pet" time="0.259" /><testcase classname="tests.backend_test" name="test_google_session_bogus_session_id_returns_401" time="0.173" /><testcase classname="tests.backend_test" name="test_seeded_session_authenticates_me_via_cookie" time="0.139" /><testcase classname="tests.backend_test" name="test_seeded_session_authenticates_me_via_bearer" time="0.118" /><testcase classname="tests.backend_test" name="test_seeded_session_can_list_pets_and_breaches" time="0.217" /><testcase classname="tests.backend_test" name="test_me_without_auth_returns_401" time="0.104" /><testcase classname="tests.backend_test" name="test_legacy_jwt_me_includes_provider_email" time="0.140" /><testcase classname="tests.backend_test" name="test_expired_session_rejected" time="0.290" /><testcase classname="tests.backend_test" name="test_logout_deletes_session_and_clears_cookie" time="0.373" /><testcase classname="tests.backend_test" name="test_websocket_broadcast" time="0.773" /><testcase classname="tests.backend_test" name="test_create_pet_with_15_digit_imei_persists_lowercased" time="0.278" /><testcase classname="tests.backend_test" name="test_create_pet_without_imei_generates_15_digit_860" time="0.104" /><testcase classname="tests.backend_test" name="test_create_pet_history_populated_within_2_5s" time="0.276" /><testcase classname="tests.backend_test" name="test_create_pet_broadcasts_pet_update_over_websocket" time="3.209" /></testsuite></testsuites>